('MlleBaptistine', 'Myriel')
('Myriel', 'MlleBaptistine')
('MlleBaptistine', 'MmeMagloire')
('MmeMagloire', 'MlleBaptistine')
('MlleBaptistine', 'Valjean')
('Valjean', 'MlleBaptistine')
('Myriel', 'Count')
('Count', 'Myriel')
('Myriel', 'OldMan')
('OldMan', 'Myriel')
('Myriel', 'Geborand')
('Geborand', 'Myriel')
('Valjean', 'Gillenormand')
('Gillenormand', 'Valjean')
('Valjean', 'Fantine')
('Fantine', 'Valjean')
('Valjean', 'Isabeau')
('Isabeau', 'Valjean')
('Valjean', 'Marguerite')
('Marguerite', 'Valjean')
('Valjean', 'Woman2')
('Woman2', 'Valjean')
('Valjean', 'Babet')
('Babet', 'Valjean')
('Valjean', 'Simplice')
('Simplice', 'Valjean')
('Valjean', 'Cosette')
('Cosette', 'Valjean')
('Valjean', 'Judge')
('Judge', 'Valjean')
('Valjean', 'Labarre')
('Labarre', 'Valjean')
('Valjean', 'Montparnasse')
('Montparnasse', 'Valjean')
('Valjean', 'MmeMagloire')
('MmeMagloire', 'Valjean')
('Valjean', 'MmeDeR')
('MmeDeR', 'Valjean')
('Valjean', 'MlleGillenormand')
('MlleGillenormand', 'Valjean')
('Valjean', 'Woman1')
('Woman1', 'Valjean')
('MmeMagloire', 'Myriel')
('Myriel', 'MmeMagloire')
('Napoleon', 'Myriel')
('Myriel', 'Napoleon')
