[[0, 10], ["a", 0, 0, 63]]
[[0, 0], ["a", 0, 1, 45]]
[[0, 1], ["a", 0, 1, 45]]
[[0, 2], ["a", 0, 1, 45]]
[[0, 3], ["a", 0, 1, 45]]
[[0, 4], ["a", 0, 1, 45]]
[[0, 5], ["a", 0, 1, 45]]
[[0, 6], ["a", 0, 1, 45]]
[[0, 7], ["a", 0, 1, 45]]
[[0, 8], ["a", 0, 1, 45]]
[[0, 9], ["a", 0, 1, 45]]
[[0, 10], ["a", 0, 1, 45]]
[[0, 0], ["a", 0, 2, 93]]
[[0, 1], ["a", 0, 2, 93]]
[[0, 2], ["a", 0, 2, 93]]
[[0, 3], ["a", 0, 2, 93]]
[[0, 4], ["a", 0, 2, 93]]
[[0, 5], ["a", 0, 2, 93]]
[[0, 6], ["a", 0, 2, 93]]
[[0, 7], ["a", 0, 2, 93]]
[[0, 8], ["a", 0, 2, 93]]
[[0, 9], ["a", 0, 2, 93]]
[[0, 10], ["a", 0, 2, 93]]
[[0, 0], ["a", 0, 3, 32]]
[[0, 1], ["a", 0, 3, 32]]
[[0, 2], ["a", 0, 3, 32]]
[[0, 3], ["a", 0, 3, 32]]
[[0, 4], ["a", 0, 3, 32]]
[[0, 5], ["a", 0, 3, 32]]
[[0, 6], ["a", 0, 3, 32]]
[[0, 7], ["a", 0, 3, 32]]
[[0, 8], ["a", 0, 3, 32]]
[[0, 9], ["a", 0, 3, 32]]
[[0, 10], ["a", 0, 3, 32]]
[[0, 0], ["a", 0, 4, 49]]
[[0, 1], ["a", 0, 4, 49]]
[[0, 2], ["a", 0, 4, 49]]
[[0, 3], ["a", 0, 4, 49]]
[[0, 4], ["a", 0, 4, 49]]
[[0, 5], ["a", 0, 4, 49]]
[[0, 6], ["a", 0, 4, 49]]
[[0, 7], ["a", 0, 4, 49]]
[[0, 8], ["a", 0, 4, 49]]
[[0, 9], ["a", 0, 4, 49]]
[[0, 10], ["a", 0, 4, 49]]
[[1, 0], ["a", 1, 0, 33]]
[[1, 1], ["a", 1, 0, 33]]
[[1, 2], ["a", 1, 0, 33]]
[[1, 3], ["a", 1, 0, 33]]
[[1, 4], ["a", 1, 0, 33]]
[[1, 5], ["a", 1, 0, 33]]
[[1, 6], ["a", 1, 0, 33]]
[[1, 7], ["a", 1, 0, 33]]
[[1, 8], ["a", 1, 0, 33]]
[[1, 9], ["a", 1, 0, 33]]
[[1, 10], ["a", 1, 0, 33]]
[[1, 0], ["a", 1, 3, 26]]
[[1, 1], ["a", 1, 3, 26]]
[[1, 2], ["a", 1, 3, 26]]
[[1, 3], ["a", 1, 3, 26]]
[[1, 4], ["a", 1, 3, 26]]
[[1, 5], ["a", 1, 3, 26]]
[[1, 6], ["a", 1, 3, 26]]
[[1, 7], ["a", 1, 3, 26]]
[[1, 8], ["a", 1, 3, 26]]
[[1, 9], ["a", 1, 3, 26]]
[[1, 10], ["a", 1, 3, 26]]
[[1, 0], ["a", 1, 4, 95]]
[[1, 1], ["a", 1, 4, 95]]
[[1, 2], ["a", 1, 4, 95]]
[[1, 3], ["a", 1, 4, 95]]
[[1, 4], ["a", 1, 4, 95]]
[[1, 5], ["a", 1, 4, 95]]
[[1, 6], ["a", 1, 4, 95]]
[[1, 7], ["a", 1, 4, 95]]
[[1, 8], ["a", 1, 4, 95]]
[[1, 9], ["a", 1, 4, 95]]
[[1, 10], ["a", 1, 4, 95]]
[[2, 0], ["a", 2, 0, 25]]
[[2, 1], ["a", 2, 0, 25]]
[[2, 2], ["a", 2, 0, 25]]
[[2, 3], ["a", 2, 0, 25]]
[[2, 4], ["a", 2, 0, 25]]
[[2, 5], ["a", 2, 0, 25]]
[[2, 6], ["a", 2, 0, 25]]
[[2, 7], ["a", 2, 0, 25]]
[[2, 8], ["a", 2, 0, 25]]
[[2, 9], ["a", 2, 0, 25]]
[[2, 10], ["a", 2, 0, 25]]
[[2, 0], ["a", 2, 1, 11]]
[[2, 1], ["a", 2, 1, 11]]
[[2, 2], ["a", 2, 1, 11]]
[[2, 3], ["a", 2, 1, 11]]
[[2, 4], ["a", 2, 1, 11]]
[[2, 5], ["a", 2, 1, 11]]
[[2, 6], ["a", 2, 1, 11]]
[[2, 7], ["a", 2, 1, 11]]
[[2, 8], ["a", 2, 1, 11]]
[[2, 9], ["a", 2, 1, 11]]
[[2, 10], ["a", 2, 1, 11]]
[[2, 0], ["a", 2, 3, 60]]
[[2, 1], ["a", 2, 3, 60]]
[[2, 2], ["a", 2, 3, 60]]
[[2, 3], ["a", 2, 3, 60]]
[[2, 4], ["a", 2, 3, 60]]
[[2, 5], ["a", 2, 3, 60]]
[[2, 6], ["a", 2, 3, 60]]
[[2, 7], ["a", 2, 3, 60]]
[[2, 8], ["a", 2, 3, 60]]
[[2, 9], ["a", 2, 3, 60]]
[[2, 10], ["a", 2, 3, 60]]
[[2, 0], ["a", 2, 4, 89]]
[[2, 1], ["a", 2, 4, 89]]
[[2, 2], ["a", 2, 4, 89]]
[[2, 3], ["a", 2, 4, 89]]
[[2, 4], ["a", 2, 4, 89]]
[[2, 5], ["a", 2, 4, 89]]
[[2, 6], ["a", 2, 4, 89]]
[[2, 7], ["a", 2, 4, 89]]
[[2, 8], ["a", 2, 4, 89]]
[[2, 9], ["a", 2, 4, 89]]
[[2, 10], ["a", 2, 4, 89]]
[[3, 0], ["a", 3, 0, 24]]
[[3, 1], ["a", 3, 0, 24]]
[[3, 2], ["a", 3, 0, 24]]
[[3, 3], ["a", 3, 0, 24]]
[[3, 4], ["a", 3, 0, 24]]
[[3, 5], ["a", 3, 0, 24]]
[[3, 6], ["a", 3, 0, 24]]
[[3, 7], ["a", 3, 0, 24]]
[[3, 8], ["a", 3, 0, 24]]
[[3, 9], ["a", 3, 0, 24]]
[[3, 10], ["a", 3, 0, 24]]
[[3, 0], ["a", 3, 1, 79]]
[[3, 1], ["a", 3, 1, 79]]
[[3, 2], ["a", 3, 1, 79]]
[[3, 3], ["a", 3, 1, 79]]
[[3, 4], ["a", 3, 1, 79]]
[[3, 5], ["a", 3, 1, 79]]
[[3, 6], ["a", 3, 1, 79]]
[[3, 7], ["a", 3, 1, 79]]
[[3, 8], ["a", 3, 1, 79]]
[[3, 9], ["a", 3, 1, 79]]
[[3, 10], ["a", 3, 1, 79]]
[[3, 0], ["a", 3, 2, 24]]
[[3, 1], ["a", 3, 2, 24]]
[[3, 2], ["a", 3, 2, 24]]
[[3, 3], ["a", 3, 2, 24]]
[[3, 4], ["a", 3, 2, 24]]
[[3, 5], ["a", 3, 2, 24]]
[[3, 6], ["a", 3, 2, 24]]
[[3, 7], ["a", 3, 2, 24]]
[[3, 8], ["a", 3, 2, 24]]
[[3, 9], ["a", 3, 2, 24]]
[[3, 10], ["a", 3, 2, 24]]
[[3, 0], ["a", 3, 3, 47]]
[[3, 1], ["a", 3, 3, 47]]
[[3, 2], ["a", 3, 3, 47]]
[[3, 3], ["a", 3, 3, 47]]
[[3, 4], ["a", 3, 3, 47]]
[[3, 5], ["a", 3, 3, 47]]
[[3, 6], ["a", 3, 3, 47]]
[[3, 7], ["a", 3, 3, 47]]
[[3, 8], ["a", 3, 3, 47]]
[[3, 9], ["a", 3, 3, 47]]
[[3, 10], ["a", 3, 3, 47]]
[[3, 0], ["a", 3, 4, 18]]
[[3, 1], ["a", 3, 4, 18]]
[[3, 2], ["a", 3, 4, 18]]
[[3, 3], ["a", 3, 4, 18]]
[[3, 4], ["a", 3, 4, 18]]
[[3, 5], ["a", 3, 4, 18]]
[[3, 6], ["a", 3, 4, 18]]
[[3, 7], ["a", 3, 4, 18]]
[[3, 8], ["a", 3, 4, 18]]
[[3, 9], ["a", 3, 4, 18]]
[[3, 10], ["a", 3, 4, 18]]
[[4, 0], ["a", 4, 0, 7]]
[[4, 1], ["a", 4, 0, 7]]
[[4, 2], ["a", 4, 0, 7]]
[[4, 3], ["a", 4, 0, 7]]
[[4, 4], ["a", 4, 0, 7]]
[[4, 5], ["a", 4, 0, 7]]
[[4, 6], ["a", 4, 0, 7]]
[[4, 7], ["a", 4, 0, 7]]
[[4, 8], ["a", 4, 0, 7]]
[[4, 9], ["a", 4, 0, 7]]
[[4, 10], ["a", 4, 0, 7]]
[[4, 0], ["a", 4, 1, 98]]
[[4, 1], ["a", 4, 1, 98]]
[[4, 2], ["a", 4, 1, 98]]
[[4, 3], ["a", 4, 1, 98]]
[[4, 4], ["a", 4, 1, 98]]
[[4, 5], ["a", 4, 1, 98]]
[[4, 6], ["a", 4, 1, 98]]
[[4, 7], ["a", 4, 1, 98]]
[[4, 8], ["a", 4, 1, 98]]
[[4, 9], ["a", 4, 1, 98]]
[[4, 10], ["a", 4, 1, 98]]
[[4, 0], ["a", 4, 2, 96]]
[[4, 1], ["a", 4, 2, 96]]
[[4, 2], ["a", 4, 2, 96]]
[[4, 3], ["a", 4, 2, 96]]
[[4, 4], ["a", 4, 2, 96]]
[[4, 5], ["a", 4, 2, 96]]
[[4, 6], ["a", 4, 2, 96]]
[[4, 7], ["a", 4, 2, 96]]
[[4, 8], ["a", 4, 2, 96]]
[[4, 9], ["a", 4, 2, 96]]
[[4, 10], ["a", 4, 2, 96]]
[[4, 0], ["a", 4, 3, 27]]
[[4, 1], ["a", 4, 3, 27]]
[[4, 2], ["a", 4, 3, 27]]
[[4, 3], ["a", 4, 3, 27]]
[[4, 4], ["a", 4, 3, 27]]
[[4, 5], ["a", 4, 3, 27]]
[[4, 6], ["a", 4, 3, 27]]
[[4, 7], ["a", 4, 3, 27]]
[[4, 8], ["a", 4, 3, 27]]
[[4, 9], ["a", 4, 3, 27]]
[[4, 10], ["a", 4, 3, 27]]
[[0, 0], ["b", 0, 0, 63]]
[[1, 0], ["b", 0, 0, 63]]
[[2, 0], ["b", 0, 0, 63]]
[[3, 0], ["b", 0, 0, 63]]
[[4, 0], ["b", 0, 0, 63]]
[[5, 0], ["b", 0, 0, 63]]
[[6, 0], ["b", 0, 0, 63]]
[[7, 0], ["b", 0, 0, 63]]
[[8, 0], ["b", 0, 0, 63]]
[[9, 0], ["b", 0, 0, 63]]
[[10, 0], ["b", 0, 0, 63]]
[[0, 1], ["b", 0, 1, 18]]
[[1, 1], ["b", 0, 1, 18]]
[[2, 1], ["b", 0, 1, 18]]
[[3, 1], ["b", 0, 1, 18]]
[[4, 1], ["b", 0, 1, 18]]
[[5, 1], ["b", 0, 1, 18]]
[[6, 1], ["b", 0, 1, 18]]
[[7, 1], ["b", 0, 1, 18]]
[[8, 1], ["b", 0, 1, 18]]
[[9, 1], ["b", 0, 1, 18]]
[[10, 1], ["b", 0, 1, 18]]
[[0, 2], ["b", 0, 2, 89]]
[[1, 2], ["b", 0, 2, 89]]
[[2, 2], ["b", 0, 2, 89]]
[[3, 2], ["b", 0, 2, 89]]
[[4, 2], ["b", 0, 2, 89]]
[[5, 2], ["b", 0, 2, 89]]
[[6, 2], ["b", 0, 2, 89]]
[[7, 2], ["b", 0, 2, 89]]
[[8, 2], ["b", 0, 2, 89]]
[[9, 2], ["b", 0, 2, 89]]
[[10, 2], ["b", 0, 2, 89]]
[[0, 3], ["b", 0, 3, 28]]
[[1, 3], ["b", 0, 3, 28]]
[[2, 3], ["b", 0, 3, 28]]
[[3, 3], ["b", 0, 3, 28]]
[[4, 3], ["b", 0, 3, 28]]
[[5, 3], ["b", 0, 3, 28]]
[[6, 3], ["b", 0, 3, 28]]
[[7, 3], ["b", 0, 3, 28]]
[[8, 3], ["b", 0, 3, 28]]
[[9, 3], ["b", 0, 3, 28]]
[[10, 3], ["b", 0, 3, 28]]
[[0, 4], ["b", 0, 4, 39]]
[[1, 4], ["b", 0, 4, 39]]
[[2, 4], ["b", 0, 4, 39]]
[[3, 4], ["b", 0, 4, 39]]
[[4, 4], ["b", 0, 4, 39]]
[[5, 4], ["b", 0, 4, 39]]
[[6, 4], ["b", 0, 4, 39]]
[[7, 4], ["b", 0, 4, 39]]
[[8, 4], ["b", 0, 4, 39]]
[[9, 4], ["b", 0, 4, 39]]
[[10, 4], ["b", 0, 4, 39]]
[[0, 0], ["b", 1, 0, 59]]
[[1, 0], ["b", 1, 0, 59]]
[[2, 0], ["b", 1, 0, 59]]
[[3, 0], ["b", 1, 0, 59]]
[[4, 0], ["b", 1, 0, 59]]
[[5, 0], ["b", 1, 0, 59]]
[[6, 0], ["b", 1, 0, 59]]
[[7, 0], ["b", 1, 0, 59]]
[[8, 0], ["b", 1, 0, 59]]
[[9, 0], ["b", 1, 0, 59]]
[[10, 0], ["b", 1, 0, 59]]
[[0, 1], ["b", 1, 1, 76]]
[[1, 1], ["b", 1, 1, 76]]
[[2, 1], ["b", 1, 1, 76]]
[[3, 1], ["b", 1, 1, 76]]
[[4, 1], ["b", 1, 1, 76]]
[[5, 1], ["b", 1, 1, 76]]
[[6, 1], ["b", 1, 1, 76]]
[[7, 1], ["b", 1, 1, 76]]
[[8, 1], ["b", 1, 1, 76]]
[[9, 1], ["b", 1, 1, 76]]
[[10, 1], ["b", 1, 1, 76]]
[[0, 2], ["b", 1, 2, 34]]
[[1, 2], ["b", 1, 2, 34]]
[[2, 2], ["b", 1, 2, 34]]
[[3, 2], ["b", 1, 2, 34]]
[[4, 2], ["b", 1, 2, 34]]
[[5, 2], ["b", 1, 2, 34]]
[[6, 2], ["b", 1, 2, 34]]
[[7, 2], ["b", 1, 2, 34]]
[[8, 2], ["b", 1, 2, 34]]
[[9, 2], ["b", 1, 2, 34]]
[[10, 2], ["b", 1, 2, 34]]
[[0, 3], ["b", 1, 3, 12]]
[[1, 3], ["b", 1, 3, 12]]
[[2, 3], ["b", 1, 3, 12]]
[[3, 3], ["b", 1, 3, 12]]
[[4, 3], ["b", 1, 3, 12]]
[[5, 3], ["b", 1, 3, 12]]
[[6, 3], ["b", 1, 3, 12]]
[[7, 3], ["b", 1, 3, 12]]
[[8, 3], ["b", 1, 3, 12]]
[[9, 3], ["b", 1, 3, 12]]
[[10, 3], ["b", 1, 3, 12]]
[[0, 4], ["b", 1, 4, 6]]
[[1, 4], ["b", 1, 4, 6]]
[[2, 4], ["b", 1, 4, 6]]
[[3, 4], ["b", 1, 4, 6]]
[[4, 4], ["b", 1, 4, 6]]
[[5, 4], ["b", 1, 4, 6]]
[[6, 4], ["b", 1, 4, 6]]
[[7, 4], ["b", 1, 4, 6]]
[[8, 4], ["b", 1, 4, 6]]
[[9, 4], ["b", 1, 4, 6]]
[[10, 4], ["b", 1, 4, 6]]
[[0, 0], ["b", 2, 0, 30]]
[[1, 0], ["b", 2, 0, 30]]
[[2, 0], ["b", 2, 0, 30]]
[[3, 0], ["b", 2, 0, 30]]
[[4, 0], ["b", 2, 0, 30]]
[[5, 0], ["b", 2, 0, 30]]
[[6, 0], ["b", 2, 0, 30]]
[[7, 0], ["b", 2, 0, 30]]
[[8, 0], ["b", 2, 0, 30]]
[[9, 0], ["b", 2, 0, 30]]
[[10, 0], ["b", 2, 0, 30]]
[[0, 1], ["b", 2, 1, 52]]
[[1, 1], ["b", 2, 1, 52]]
[[2, 1], ["b", 2, 1, 52]]
[[3, 1], ["b", 2, 1, 52]]
[[4, 1], ["b", 2, 1, 52]]
[[5, 1], ["b", 2, 1, 52]]
[[6, 1], ["b", 2, 1, 52]]
[[7, 1], ["b", 2, 1, 52]]
[[8, 1], ["b", 2, 1, 52]]
[[9, 1], ["b", 2, 1, 52]]
[[10, 1], ["b", 2, 1, 52]]
[[0, 2], ["b", 2, 2, 49]]
[[1, 2], ["b", 2, 2, 49]]
[[2, 2], ["b", 2, 2, 49]]
[[3, 2], ["b", 2, 2, 49]]
[[4, 2], ["b", 2, 2, 49]]
[[5, 2], ["b", 2, 2, 49]]
[[6, 2], ["b", 2, 2, 49]]
[[7, 2], ["b", 2, 2, 49]]
[[8, 2], ["b", 2, 2, 49]]
[[9, 2], ["b", 2, 2, 49]]
[[10, 2], ["b", 2, 2, 49]]
[[0, 3], ["b", 2, 3, 3]]
[[1, 3], ["b", 2, 3, 3]]
[[2, 3], ["b", 2, 3, 3]]
[[3, 3], ["b", 2, 3, 3]]
[[4, 3], ["b", 2, 3, 3]]
[[5, 3], ["b", 2, 3, 3]]
[[6, 3], ["b", 2, 3, 3]]
[[7, 3], ["b", 2, 3, 3]]
[[8, 3], ["b", 2, 3, 3]]
[[9, 3], ["b", 2, 3, 3]]
[[10, 3], ["b", 2, 3, 3]]
[[0, 4], ["b", 2, 4, 95]]
[[1, 4], ["b", 2, 4, 95]]
[[2, 4], ["b", 2, 4, 95]]
[[3, 4], ["b", 2, 4, 95]]
[[4, 4], ["b", 2, 4, 95]]
[[5, 4], ["b", 2, 4, 95]]
[[6, 4], ["b", 2, 4, 95]]
[[7, 4], ["b", 2, 4, 95]]
[[8, 4], ["b", 2, 4, 95]]
[[9, 4], ["b", 2, 4, 95]]
[[10, 4], ["b", 2, 4, 95]]
[[0, 0], ["b", 3, 0, 77]]
[[1, 0], ["b", 3, 0, 77]]
[[2, 0], ["b", 3, 0, 77]]
[[3, 0], ["b", 3, 0, 77]]
[[4, 0], ["b", 3, 0, 77]]
[[5, 0], ["b", 3, 0, 77]]
[[6, 0], ["b", 3, 0, 77]]
[[7, 0], ["b", 3, 0, 77]]
[[8, 0], ["b", 3, 0, 77]]
[[9, 0], ["b", 3, 0, 77]]
[[10, 0], ["b", 3, 0, 77]]
[[0, 1], ["b", 3, 1, 75]]
[[1, 1], ["b", 3, 1, 75]]
[[2, 1], ["b", 3, 1, 75]]
[[3, 1], ["b", 3, 1, 75]]
[[4, 1], ["b", 3, 1, 75]]
[[5, 1], ["b", 3, 1, 75]]
[[6, 1], ["b", 3, 1, 75]]
[[7, 1], ["b", 3, 1, 75]]
[[8, 1], ["b", 3, 1, 75]]
[[9, 1], ["b", 3, 1, 75]]
[[10, 1], ["b", 3, 1, 75]]
[[0, 2], ["b", 3, 2, 85]]
[[1, 2], ["b", 3, 2, 85]]
[[2, 2], ["b", 3, 2, 85]]
[[3, 2], ["b", 3, 2, 85]]
[[4, 2], ["b", 3, 2, 85]]
[[5, 2], ["b", 3, 2, 85]]
[[6, 2], ["b", 3, 2, 85]]
[[7, 2], ["b", 3, 2, 85]]
[[8, 2], ["b", 3, 2, 85]]
[[9, 2], ["b", 3, 2, 85]]
[[10, 2], ["b", 3, 2, 85]]
[[0, 1], ["b", 4, 1, 46]]
[[1, 1], ["b", 4, 1, 46]]
[[2, 1], ["b", 4, 1, 46]]
[[3, 1], ["b", 4, 1, 46]]
[[4, 1], ["b", 4, 1, 46]]
[[5, 1], ["b", 4, 1, 46]]
[[6, 1], ["b", 4, 1, 46]]
[[7, 1], ["b", 4, 1, 46]]
[[8, 1], ["b", 4, 1, 46]]
[[9, 1], ["b", 4, 1, 46]]
[[10, 1], ["b", 4, 1, 46]]
[[0, 2], ["b", 4, 2, 33]]
[[1, 2], ["b", 4, 2, 33]]
[[2, 2], ["b", 4, 2, 33]]
[[3, 2], ["b", 4, 2, 33]]
[[4, 2], ["b", 4, 2, 33]]
[[5, 2], ["b", 4, 2, 33]]
[[6, 2], ["b", 4, 2, 33]]
[[7, 2], ["b", 4, 2, 33]]
[[8, 2], ["b", 4, 2, 33]]
[[9, 2], ["b", 4, 2, 33]]
[[10, 2], ["b", 4, 2, 33]]
[[0, 3], ["b", 4, 3, 69]]
[[1, 3], ["b", 4, 3, 69]]
[[2, 3], ["b", 4, 3, 69]]
[[3, 3], ["b", 4, 3, 69]]
[[4, 3], ["b", 4, 3, 69]]
[[5, 3], ["b", 4, 3, 69]]
[[6, 3], ["b", 4, 3, 69]]
[[7, 3], ["b", 4, 3, 69]]
[[8, 3], ["b", 4, 3, 69]]
[[9, 3], ["b", 4, 3, 69]]
[[10, 3], ["b", 4, 3, 69]]
[[0, 4], ["b", 4, 4, 88]]
[[1, 4], ["b", 4, 4, 88]]
[[2, 4], ["b", 4, 4, 88]]
[[3, 4], ["b", 4, 4, 88]]
[[4, 4], ["b", 4, 4, 88]]
[[5, 4], ["b", 4, 4, 88]]
[[6, 4], ["b", 4, 4, 88]]
[[7, 4], ["b", 4, 4, 88]]
[[8, 4], ["b", 4, 4, 88]]
[[9, 4], ["b", 4, 4, 88]]
[[10, 4], ["b", 4, 4, 88]]
